[0.471s] DEBUG:colcon:Command line arguments: ['/usr/bin/colcon', 'list', '-p', '--base-paths', '/home/arps/rob_ws/src']
[0.471s] DEBUG:colcon:Parsed command line arguments: Namespace(base_paths=['/home/arps/rob_ws/src'], build_base='build', ignore_user_meta=False, log_base=None, log_level=None, main=<bound method ListVerb.main of <colcon_package_information.verb.list.ListVerb object at 0x7f958bd53748>>, metas=['./colcon.meta'], names_only=False, packages_above=None, packages_above_and_dependencies=None, packages_above_depth=None, packages_end=None, packages_ignore=None, packages_ignore_regex=None, packages_select=None, packages_select_build_failed=False, packages_select_by_dep=None, packages_select_regex=None, packages_select_test_failures=False, packages_skip=None, packages_skip_build_finished=False, packages_skip_by_dep=None, packages_skip_regex=None, packages_skip_test_passed=False, packages_skip_up_to=None, packages_start=None, packages_up_to=None, packages_up_to_regex=None, paths=None, paths_only=True, topological_graph=False, topological_graph_density=False, topological_graph_dot=False, topological_graph_dot_cluster=False, topological_graph_dot_include_skipped=False, topological_graph_legend=False, topological_order=False, verb_extension=<colcon_package_information.verb.list.ListVerb object at 0x7f958bd53748>, verb_name='list', verb_parser=<colcon_defaults.argument_parser.defaults.DefaultArgumentsDecorator object at 0x7f958baa6780>)
[0.511s] Level 1:colcon.colcon_core.package_discovery:discover_packages(colcon_meta) check parameters
[0.511s] Level 1:colcon.colcon_core.package_discovery:discover_packages(recursive) check parameters
[0.511s] Level 1:colcon.colcon_core.package_discovery:discover_packages(ignore) check parameters
[0.511s] Level 1:colcon.colcon_core.package_discovery:discover_packages(path) check parameters
[0.511s] Level 1:colcon.colcon_core.package_discovery:discover_packages(recursive) discover
[0.512s] INFO:colcon.colcon_core.package_discovery:Crawling recursively for packages in '/home/arps/rob_ws/src'
[0.512s] Level 1:colcon.colcon_core.package_identification:_identify(/home/arps/rob_ws/src) by extensions ['ignore', 'ignore_ament_install']
[0.512s] Level 1:colcon.colcon_core.package_identification:_identify(/home/arps/rob_ws/src) by extension 'ignore'
[0.512s] Level 1:colcon.colcon_core.package_identification:_identify(/home/arps/rob_ws/src) by extension 'ignore_ament_install'
[0.512s] Level 1:colcon.colcon_core.package_identification:_identify(/home/arps/rob_ws/src) by extensions ['colcon_pkg']
[0.512s] Level 1:colcon.colcon_core.package_identification:_identify(/home/arps/rob_ws/src) by extension 'colcon_pkg'
[0.512s] Level 1:colcon.colcon_core.package_identification:_identify(/home/arps/rob_ws/src) by extensions ['colcon_meta']
[0.512s] Level 1:colcon.colcon_core.package_identification:_identify(/home/arps/rob_ws/src) by extension 'colcon_meta'
[0.512s] Level 1:colcon.colcon_core.package_identification:_identify(/home/arps/rob_ws/src) by extensions ['ros']
[0.512s] Level 1:colcon.colcon_core.package_identification:_identify(/home/arps/rob_ws/src) by extension 'ros'
[0.540s] Level 1:colcon.colcon_core.package_identification:_identify(/home/arps/rob_ws/src) by extensions ['cmake', 'python']
[0.540s] Level 1:colcon.colcon_core.package_identification:_identify(/home/arps/rob_ws/src) by extension 'cmake'
[0.540s] Level 1:colcon.colcon_core.package_identification:_identify(/home/arps/rob_ws/src) by extension 'python'
[0.540s] Level 1:colcon.colcon_core.package_identification:_identify(/home/arps/rob_ws/src) by extensions ['python_setup_py']
[0.540s] Level 1:colcon.colcon_core.package_identification:_identify(/home/arps/rob_ws/src) by extension 'python_setup_py'
[0.540s] Level 1:colcon.colcon_core.package_identification:_identify(/home/arps/rob_ws/src/dolly) by extensions ['ignore', 'ignore_ament_install']
[0.540s] Level 1:colcon.colcon_core.package_identification:_identify(/home/arps/rob_ws/src/dolly) by extension 'ignore'
[0.541s] Level 1:colcon.colcon_core.package_identification:_identify(/home/arps/rob_ws/src/dolly) by extension 'ignore_ament_install'
[0.541s] Level 1:colcon.colcon_core.package_identification:_identify(/home/arps/rob_ws/src/dolly) by extensions ['colcon_pkg']
[0.541s] Level 1:colcon.colcon_core.package_identification:_identify(/home/arps/rob_ws/src/dolly) by extension 'colcon_pkg'
[0.541s] Level 1:colcon.colcon_core.package_identification:_identify(/home/arps/rob_ws/src/dolly) by extensions ['colcon_meta']
[0.541s] Level 1:colcon.colcon_core.package_identification:_identify(/home/arps/rob_ws/src/dolly) by extension 'colcon_meta'
[0.541s] Level 1:colcon.colcon_core.package_identification:_identify(/home/arps/rob_ws/src/dolly) by extensions ['ros']
[0.541s] Level 1:colcon.colcon_core.package_identification:_identify(/home/arps/rob_ws/src/dolly) by extension 'ros'
[0.541s] Level 1:colcon.colcon_core.package_identification:_identify(/home/arps/rob_ws/src/dolly) by extensions ['cmake', 'python']
[0.541s] Level 1:colcon.colcon_core.package_identification:_identify(/home/arps/rob_ws/src/dolly) by extension 'cmake'
[0.541s] Level 1:colcon.colcon_core.package_identification:_identify(/home/arps/rob_ws/src/dolly) by extension 'python'
[0.541s] Level 1:colcon.colcon_core.package_identification:_identify(/home/arps/rob_ws/src/dolly) by extensions ['python_setup_py']
[0.541s] Level 1:colcon.colcon_core.package_identification:_identify(/home/arps/rob_ws/src/dolly) by extension 'python_setup_py'
[0.541s] Level 1:colcon.colcon_core.package_identification:_identify(/home/arps/rob_ws/src/dolly/dolly) by extensions ['ignore', 'ignore_ament_install']
[0.541s] Level 1:colcon.colcon_core.package_identification:_identify(/home/arps/rob_ws/src/dolly/dolly) by extension 'ignore'
[0.541s] Level 1:colcon.colcon_core.package_identification:_identify(/home/arps/rob_ws/src/dolly/dolly) by extension 'ignore_ament_install'
[0.541s] Level 1:colcon.colcon_core.package_identification:_identify(/home/arps/rob_ws/src/dolly/dolly) by extensions ['colcon_pkg']
[0.541s] Level 1:colcon.colcon_core.package_identification:_identify(/home/arps/rob_ws/src/dolly/dolly) by extension 'colcon_pkg'
[0.541s] Level 1:colcon.colcon_core.package_identification:_identify(/home/arps/rob_ws/src/dolly/dolly) by extensions ['colcon_meta']
[0.541s] Level 1:colcon.colcon_core.package_identification:_identify(/home/arps/rob_ws/src/dolly/dolly) by extension 'colcon_meta'
[0.541s] Level 1:colcon.colcon_core.package_identification:_identify(/home/arps/rob_ws/src/dolly/dolly) by extensions ['ros']
[0.542s] Level 1:colcon.colcon_core.package_identification:_identify(/home/arps/rob_ws/src/dolly/dolly) by extension 'ros'
[0.543s] DEBUG:colcon.colcon_core.package_identification:Package '/home/arps/rob_ws/src/dolly/dolly' with type 'ros.ament_cmake' and name 'dolly'
[0.544s] Level 1:colcon.colcon_core.package_identification:_identify(/home/arps/rob_ws/src/dolly/dolly_follow) by extensions ['ignore', 'ignore_ament_install']
[0.544s] Level 1:colcon.colcon_core.package_identification:_identify(/home/arps/rob_ws/src/dolly/dolly_follow) by extension 'ignore'
[0.544s] Level 1:colcon.colcon_core.package_identification:_identify(/home/arps/rob_ws/src/dolly/dolly_follow) by extension 'ignore_ament_install'
[0.544s] Level 1:colcon.colcon_core.package_identification:_identify(/home/arps/rob_ws/src/dolly/dolly_follow) by extensions ['colcon_pkg']
[0.544s] Level 1:colcon.colcon_core.package_identification:_identify(/home/arps/rob_ws/src/dolly/dolly_follow) by extension 'colcon_pkg'
[0.544s] Level 1:colcon.colcon_core.package_identification:_identify(/home/arps/rob_ws/src/dolly/dolly_follow) by extensions ['colcon_meta']
[0.544s] Level 1:colcon.colcon_core.package_identification:_identify(/home/arps/rob_ws/src/dolly/dolly_follow) by extension 'colcon_meta'
[0.544s] Level 1:colcon.colcon_core.package_identification:_identify(/home/arps/rob_ws/src/dolly/dolly_follow) by extensions ['ros']
[0.544s] Level 1:colcon.colcon_core.package_identification:_identify(/home/arps/rob_ws/src/dolly/dolly_follow) by extension 'ros'
[0.545s] DEBUG:colcon.colcon_core.package_identification:Package '/home/arps/rob_ws/src/dolly/dolly_follow' with type 'ros.ament_cmake' and name 'dolly_follow'
[0.546s] Level 1:colcon.colcon_core.package_identification:_identify(/home/arps/rob_ws/src/dolly/dolly_gazebo) by extensions ['ignore', 'ignore_ament_install']
[0.546s] Level 1:colcon.colcon_core.package_identification:_identify(/home/arps/rob_ws/src/dolly/dolly_gazebo) by extension 'ignore'
[0.546s] Level 1:colcon.colcon_core.package_identification:_identify(/home/arps/rob_ws/src/dolly/dolly_gazebo) by extension 'ignore_ament_install'
[0.546s] Level 1:colcon.colcon_core.package_identification:_identify(/home/arps/rob_ws/src/dolly/dolly_gazebo) by extensions ['colcon_pkg']
[0.546s] Level 1:colcon.colcon_core.package_identification:_identify(/home/arps/rob_ws/src/dolly/dolly_gazebo) by extension 'colcon_pkg'
[0.546s] Level 1:colcon.colcon_core.package_identification:_identify(/home/arps/rob_ws/src/dolly/dolly_gazebo) by extensions ['colcon_meta']
[0.546s] Level 1:colcon.colcon_core.package_identification:_identify(/home/arps/rob_ws/src/dolly/dolly_gazebo) by extension 'colcon_meta'
[0.546s] Level 1:colcon.colcon_core.package_identification:_identify(/home/arps/rob_ws/src/dolly/dolly_gazebo) by extensions ['ros']
[0.546s] Level 1:colcon.colcon_core.package_identification:_identify(/home/arps/rob_ws/src/dolly/dolly_gazebo) by extension 'ros'
[0.547s] DEBUG:colcon.colcon_core.package_identification:Package '/home/arps/rob_ws/src/dolly/dolly_gazebo' with type 'ros.ament_cmake' and name 'dolly_gazebo'
[0.548s] Level 1:colcon.colcon_core.package_identification:_identify(/home/arps/rob_ws/src/dolly/images) by extensions ['ignore', 'ignore_ament_install']
[0.548s] Level 1:colcon.colcon_core.package_identification:_identify(/home/arps/rob_ws/src/dolly/images) by extension 'ignore'
[0.548s] Level 1:colcon.colcon_core.package_identification:_identify(/home/arps/rob_ws/src/dolly/images) by extension 'ignore_ament_install'
[0.548s] Level 1:colcon.colcon_core.package_identification:_identify(/home/arps/rob_ws/src/dolly/images) by extensions ['colcon_pkg']
[0.548s] Level 1:colcon.colcon_core.package_identification:_identify(/home/arps/rob_ws/src/dolly/images) by extension 'colcon_pkg'
[0.548s] Level 1:colcon.colcon_core.package_identification:_identify(/home/arps/rob_ws/src/dolly/images) by extensions ['colcon_meta']
[0.548s] Level 1:colcon.colcon_core.package_identification:_identify(/home/arps/rob_ws/src/dolly/images) by extension 'colcon_meta'
[0.548s] Level 1:colcon.colcon_core.package_identification:_identify(/home/arps/rob_ws/src/dolly/images) by extensions ['ros']
[0.548s] Level 1:colcon.colcon_core.package_identification:_identify(/home/arps/rob_ws/src/dolly/images) by extension 'ros'
[0.548s] Level 1:colcon.colcon_core.package_identification:_identify(/home/arps/rob_ws/src/dolly/images) by extensions ['cmake', 'python']
[0.548s] Level 1:colcon.colcon_core.package_identification:_identify(/home/arps/rob_ws/src/dolly/images) by extension 'cmake'
[0.548s] Level 1:colcon.colcon_core.package_identification:_identify(/home/arps/rob_ws/src/dolly/images) by extension 'python'
[0.548s] Level 1:colcon.colcon_core.package_identification:_identify(/home/arps/rob_ws/src/dolly/images) by extensions ['python_setup_py']
[0.548s] Level 1:colcon.colcon_core.package_identification:_identify(/home/arps/rob_ws/src/dolly/images) by extension 'python_setup_py'
[0.548s] Level 1:colcon.colcon_core.package_identification:_identify(/home/arps/rob_ws/src/log) by extensions ['ignore', 'ignore_ament_install']
[0.548s] Level 1:colcon.colcon_core.package_identification:_identify(/home/arps/rob_ws/src/log) by extension 'ignore'
[0.548s] Level 1:colcon.colcon_core.package_identification:_identify(/home/arps/rob_ws/src/log) ignored
[0.549s] Level 1:colcon.colcon_core.package_identification:_identify(/home/arps/rob_ws/src/my_robot) by extensions ['ignore', 'ignore_ament_install']
[0.549s] Level 1:colcon.colcon_core.package_identification:_identify(/home/arps/rob_ws/src/my_robot) by extension 'ignore'
[0.549s] Level 1:colcon.colcon_core.package_identification:_identify(/home/arps/rob_ws/src/my_robot) by extension 'ignore_ament_install'
[0.549s] Level 1:colcon.colcon_core.package_identification:_identify(/home/arps/rob_ws/src/my_robot) by extensions ['colcon_pkg']
[0.549s] Level 1:colcon.colcon_core.package_identification:_identify(/home/arps/rob_ws/src/my_robot) by extension 'colcon_pkg'
[0.549s] Level 1:colcon.colcon_core.package_identification:_identify(/home/arps/rob_ws/src/my_robot) by extensions ['colcon_meta']
[0.549s] Level 1:colcon.colcon_core.package_identification:_identify(/home/arps/rob_ws/src/my_robot) by extension 'colcon_meta'
[0.549s] Level 1:colcon.colcon_core.package_identification:_identify(/home/arps/rob_ws/src/my_robot) by extensions ['ros']
[0.549s] Level 1:colcon.colcon_core.package_identification:_identify(/home/arps/rob_ws/src/my_robot) by extension 'ros'
[0.550s] DEBUG:colcon.colcon_core.package_identification:Package '/home/arps/rob_ws/src/my_robot' with type 'ros.ament_cmake' and name 'my_robot'
[0.550s] Level 1:colcon.colcon_core.package_identification:_identify(/home/arps/rob_ws/src/xacro) by extensions ['ignore', 'ignore_ament_install']
[0.550s] Level 1:colcon.colcon_core.package_identification:_identify(/home/arps/rob_ws/src/xacro) by extension 'ignore'
[0.550s] Level 1:colcon.colcon_core.package_identification:_identify(/home/arps/rob_ws/src/xacro) by extension 'ignore_ament_install'
[0.550s] Level 1:colcon.colcon_core.package_identification:_identify(/home/arps/rob_ws/src/xacro) by extensions ['colcon_pkg']
[0.550s] Level 1:colcon.colcon_core.package_identification:_identify(/home/arps/rob_ws/src/xacro) by extension 'colcon_pkg'
[0.551s] Level 1:colcon.colcon_core.package_identification:_identify(/home/arps/rob_ws/src/xacro) by extensions ['colcon_meta']
[0.551s] Level 1:colcon.colcon_core.package_identification:_identify(/home/arps/rob_ws/src/xacro) by extension 'colcon_meta'
[0.551s] Level 1:colcon.colcon_core.package_identification:_identify(/home/arps/rob_ws/src/xacro) by extensions ['ros']
[0.551s] Level 1:colcon.colcon_core.package_identification:_identify(/home/arps/rob_ws/src/xacro) by extension 'ros'
[0.552s] DEBUG:colcon.colcon_core.package_identification:Package '/home/arps/rob_ws/src/xacro' with type 'ros.ament_cmake' and name 'xacro'
[0.552s] Level 1:colcon.colcon_core.package_discovery:discover_packages(recursive) using defaults
[0.587s] INFO:colcon.colcon_metadata.metadata.colcon_pkg:Updating descriptor of package '/home/arps/rob_ws/src/xacro' from colcon.pkg: {'hooks': ['share/xacro/environment/completion.bash']}
