Determining if the pthread_create exist failed with the following output:
Change Dir: /home/arps/rob_ws/src/my_robot/build/CMakeFiles/CMakeTmp

Run Build Command:"/usr/bin/make" "cmTC_1aa8d/fast"
/usr/bin/make -f CMakeFiles/cmTC_1aa8d.dir/build.make CMakeFiles/cmTC_1aa8d.dir/build
make[1]: Entering directory '/home/arps/rob_ws/src/my_robot/build/CMakeFiles/CMakeTmp'
Building C object CMakeFiles/cmTC_1aa8d.dir/CheckSymbolExists.c.o
/usr/bin/x86_64-linux-gnu-gcc-7    -o CMakeFiles/cmTC_1aa8d.dir/CheckSymbolExists.c.o   -c /home/arps/rob_ws/src/my_robot/build/CMakeFiles/CMakeTmp/CheckSymbolExists.c
Linking C executable cmTC_1aa8d
/usr/bin/cmake -E cmake_link_script CMakeFiles/cmTC_1aa8d.dir/link.txt --verbose=1
/usr/bin/x86_64-linux-gnu-gcc-7      CMakeFiles/cmTC_1aa8d.dir/CheckSymbolExists.c.o  -o cmTC_1aa8d 
CMakeFiles/cmTC_1aa8d.dir/CheckSymbolExists.c.o: In function `main':
CheckSymbolExists.c:(.text+0x1b): undefined reference to `pthread_create'
collect2: error: ld returned 1 exit status
CMakeFiles/cmTC_1aa8d.dir/build.make:97: recipe for target 'cmTC_1aa8d' failed
make[1]: *** [cmTC_1aa8d] Error 1
make[1]: Leaving directory '/home/arps/rob_ws/src/my_robot/build/CMakeFiles/CMakeTmp'
Makefile:126: recipe for target 'cmTC_1aa8d/fast' failed
make: *** [cmTC_1aa8d/fast] Error 2

File /home/arps/rob_ws/src/my_robot/build/CMakeFiles/CMakeTmp/CheckSymbolExists.c:
/* */
#include <pthread.h>

int main(int argc, char** argv)
{
  (void)argv;
#ifndef pthread_create
  return ((int*)(&pthread_create))[argc];
#else
  (void)argc;
  return 0;
#endif
}

Determining if the function pthread_create exists in the pthreads failed with the following output:
Change Dir: /home/arps/rob_ws/src/my_robot/build/CMakeFiles/CMakeTmp

Run Build Command:"/usr/bin/make" "cmTC_4c05b/fast"
/usr/bin/make -f CMakeFiles/cmTC_4c05b.dir/build.make CMakeFiles/cmTC_4c05b.dir/build
make[1]: Entering directory '/home/arps/rob_ws/src/my_robot/build/CMakeFiles/CMakeTmp'
Building C object CMakeFiles/cmTC_4c05b.dir/CheckFunctionExists.c.o
/usr/bin/x86_64-linux-gnu-gcc-7   -DCHECK_FUNCTION_EXISTS=pthread_create   -o CMakeFiles/cmTC_4c05b.dir/CheckFunctionExists.c.o   -c /usr/share/cmake-3.10/Modules/CheckFunctionExists.c
Linking C executable cmTC_4c05b
/usr/bin/cmake -E cmake_link_script CMakeFiles/cmTC_4c05b.dir/link.txt --verbose=1
/usr/bin/x86_64-linux-gnu-gcc-7  -DCHECK_FUNCTION_EXISTS=pthread_create    CMakeFiles/cmTC_4c05b.dir/CheckFunctionExists.c.o  -o cmTC_4c05b -lpthreads 
/usr/bin/ld: cannot find -lpthreads
collect2: error: ld returned 1 exit status
CMakeFiles/cmTC_4c05b.dir/build.make:97: recipe for target 'cmTC_4c05b' failed
make[1]: *** [cmTC_4c05b] Error 1
make[1]: Leaving directory '/home/arps/rob_ws/src/my_robot/build/CMakeFiles/CMakeTmp'
Makefile:126: recipe for target 'cmTC_4c05b/fast' failed
make: *** [cmTC_4c05b/fast] Error 2


